<?xml version="1.0" encoding="UTF-8"?>
<robot generator="Robot 6.1.1 (Python 3.11.6 on darwin)" generated="20231105 23:24:35.600" rpa="false" schemaversion="4">
<suite id="s1" name="TestCases" source="/Users/macos/PycharmProjects/QPRO_AUTOMATION_TASK/TestCases">
<suite id="s1-s1" name="API Tests" source="/Users/macos/PycharmProjects/QPRO_AUTOMATION_TASK/TestCases/API_Tests">
<suite id="s1-s1-s1" name="Users" source="/Users/macos/PycharmProjects/QPRO_AUTOMATION_TASK/TestCases/API_Tests/users.robot">
<test id="s1-s1-s1-t1" name="Create User" line="8">
<kw name="Create Dictionary" library="BuiltIn">
<var>${User_data}</var>
<arg>id=${Pet_store_user_id}</arg>
<arg>username=${Pet_store_user_name}</arg>
<arg>firstName=${Pet_store_user_firstname}</arg>
<arg>lastName=${Pet_store_user_lastname}</arg>
<arg>email=${Pet_store_user_email}</arg>
<arg>password=${Pet_store_user_password}</arg>
<arg>phone=${Pet_store_user_phone}</arg>
<arg>userStatus=${Pet_store_user_userstatus}</arg>
<doc>Creates and returns a dictionary based on the given ``items``.</doc>
<msg timestamp="20231105 23:24:35.799" level="INFO">${User_data} = {'id': '007', 'username': 'jamesbond', 'firstName': 'james', 'lastName': 'bond', 'email': 'james@test.com', 'password': '000000', 'phone': '000000', 'userStatus': '1'}</msg>
<status status="PASS" starttime="20231105 23:24:35.799" endtime="20231105 23:24:35.799"/>
</kw>
<kw name="Create User" library="Users_EndPoint_res">
<var>${response}</var>
<arg>${user_data}</arg>
<kw name="POST" library="RequestsLibrary">
<var>${response}</var>
<arg>${BASE_URL}/user</arg>
<arg>data=${user_data}</arg>
<doc>Sends a POST request.</doc>
<msg timestamp="20231105 23:24:36.402" level="INFO">POST Request : url=https://petstore3.swagger.io/api/v3/user 
 path_url=/api/v3/user 
 headers={'User-Agent': 'python-requests/2.31.0', 'Accept-Encoding': 'gzip, deflate', 'Accept': '*/*', 'Connection': 'keep-alive', 'Content-Length': '120', 'Content-Type': 'application/x-www-form-urlencoded'} 
 body=id=007&amp;username=jamesbond&amp;firstName=james&amp;lastName=bond&amp;email=james%40test.com&amp;password=000000&amp;phone=000000&amp;userStatus=1 
 </msg>
<msg timestamp="20231105 23:24:36.403" level="INFO">POST Response : url=https://petstore3.swagger.io/api/v3/user 
 status=200, reason=OK 
 headers={'Date': 'Sun, 05 Nov 2023 21:24:36 GMT', 'Content-Type': 'application/json', 'Content-Length': '151', 'Connection': 'keep-alive', 'Access-Control-Allow-Origin': '*', 'Access-Control-Allow-Methods': 'GET, POST, DELETE, PUT', 'Access-Control-Allow-Headers': 'Content-Type, api_key, Authorization', 'Access-Control-Expose-Headers': 'Content-Disposition', 'Server': 'Jetty(9.4.9.v20180320)'} 
 body={"id":7,"username":"jamesbond","firstName":"james","lastName":"bond","email":"james@test.com","password":"XXXXXXXXXXX","phone":"000000","userStatus":1} 
 </msg>
<msg timestamp="20231105 23:24:36.403" level="INFO">${response} = &lt;Response [200]&gt;</msg>
<status status="PASS" starttime="20231105 23:24:35.799" endtime="20231105 23:24:36.403"/>
</kw>
<msg timestamp="20231105 23:24:36.404" level="INFO">${response} = &lt;Response [200]&gt;</msg>
<status status="PASS" starttime="20231105 23:24:35.799" endtime="20231105 23:24:36.404"/>
</kw>
<kw name="Set Variable" library="BuiltIn">
<var>${response_body}</var>
<arg>${response.json()}</arg>
<doc>Returns the given values which can then be assigned to a variables.</doc>
<msg timestamp="20231105 23:24:36.406" level="INFO">${response_body} = {'id': 7, 'username': 'jamesbond', 'firstName': 'james', 'lastName': 'bond', 'email': 'james@test.com', 'password': 'XXXXXXXXXXX', 'phone': '000000', 'userStatus': 1}</msg>
<status status="PASS" starttime="20231105 23:24:36.405" endtime="20231105 23:24:36.406"/>
</kw>
<kw name="Dictionary Should Contain Key" library="Collections">
<arg>${response_body}</arg>
<arg>id</arg>
<doc>Fails if ``key`` is not found from ``dictionary``.</doc>
<status status="PASS" starttime="20231105 23:24:36.407" endtime="20231105 23:24:36.407"/>
</kw>
<kw name="Dictionary Should Contain Key" library="Collections">
<arg>${response_body}</arg>
<arg>username</arg>
<doc>Fails if ``key`` is not found from ``dictionary``.</doc>
<status status="PASS" starttime="20231105 23:24:36.407" endtime="20231105 23:24:36.407"/>
</kw>
<kw name="Dictionary Should Contain Key" library="Collections">
<arg>${response_body}</arg>
<arg>firstName</arg>
<doc>Fails if ``key`` is not found from ``dictionary``.</doc>
<status status="PASS" starttime="20231105 23:24:36.407" endtime="20231105 23:24:36.408"/>
</kw>
<kw name="Dictionary Should Contain Key" library="Collections">
<arg>${response_body}</arg>
<arg>lastName</arg>
<doc>Fails if ``key`` is not found from ``dictionary``.</doc>
<status status="PASS" starttime="20231105 23:24:36.408" endtime="20231105 23:24:36.408"/>
</kw>
<kw name="Dictionary Should Contain Key" library="Collections">
<arg>${response_body}</arg>
<arg>email</arg>
<doc>Fails if ``key`` is not found from ``dictionary``.</doc>
<status status="PASS" starttime="20231105 23:24:36.408" endtime="20231105 23:24:36.408"/>
</kw>
<kw name="Dictionary Should Contain Key" library="Collections">
<arg>${response_body}</arg>
<arg>password</arg>
<doc>Fails if ``key`` is not found from ``dictionary``.</doc>
<status status="PASS" starttime="20231105 23:24:36.408" endtime="20231105 23:24:36.409"/>
</kw>
<kw name="Dictionary Should Contain Key" library="Collections">
<arg>${response_body}</arg>
<arg>phone</arg>
<doc>Fails if ``key`` is not found from ``dictionary``.</doc>
<status status="PASS" starttime="20231105 23:24:36.409" endtime="20231105 23:24:36.409"/>
</kw>
<kw name="Should Be Equal" library="BuiltIn">
<arg>${response_body['username']}</arg>
<arg>${Pet_store_user_name}</arg>
<doc>Fails if the given objects are unequal.</doc>
<status status="PASS" starttime="20231105 23:24:36.409" endtime="20231105 23:24:36.410"/>
</kw>
<kw name="Should Be Equal" library="BuiltIn">
<arg>${response_body['email']}</arg>
<arg>${Pet_store_user_email}</arg>
<doc>Fails if the given objects are unequal.</doc>
<status status="PASS" starttime="20231105 23:24:36.410" endtime="20231105 23:24:36.411"/>
</kw>
<kw name="Should Be Equal" library="BuiltIn">
<arg>'${response.status_code}'</arg>
<arg>'200'</arg>
<doc>Fails if the given objects are unequal.</doc>
<status status="PASS" starttime="20231105 23:24:36.411" endtime="20231105 23:24:36.412"/>
</kw>
<doc>Create a new user</doc>
<tag>API</tag>
<tag>debug</tag>
<status status="PASS" starttime="20231105 23:24:35.798" endtime="20231105 23:24:36.412"/>
</test>
<test id="s1-s1-s1-t2" name="Read User" line="33">
<kw name="Get User" library="Users_EndPoint_res">
<var>${response}</var>
<arg>${Pet_store_user_name}</arg>
<kw name="GET" library="RequestsLibrary">
<var>${response}</var>
<arg>${BASE_URL}/user/${username}</arg>
<doc>Sends a GET request.</doc>
<msg timestamp="20231105 23:24:36.999" level="INFO">GET Request : url=https://petstore3.swagger.io/api/v3/user/jamesbond 
 path_url=/api/v3/user/jamesbond 
 headers={'User-Agent': 'python-requests/2.31.0', 'Accept-Encoding': 'gzip, deflate', 'Accept': '*/*', 'Connection': 'keep-alive'} 
 body=None 
 </msg>
<msg timestamp="20231105 23:24:36.999" level="INFO">GET Response : url=https://petstore3.swagger.io/api/v3/user/jamesbond 
 status=200, reason=OK 
 headers={'Date': 'Sun, 05 Nov 2023 21:24:37 GMT', 'Content-Type': 'application/json', 'Content-Length': '151', 'Connection': 'keep-alive', 'Access-Control-Allow-Origin': '*', 'Access-Control-Allow-Methods': 'GET, POST, DELETE, PUT', 'Access-Control-Allow-Headers': 'Content-Type, api_key, Authorization', 'Access-Control-Expose-Headers': 'Content-Disposition', 'Server': 'Jetty(9.4.9.v20180320)'} 
 body={"id":7,"username":"jamesbond","firstName":"james","lastName":"bond","email":"james@test.com","password":"XXXXXXXXXXX","phone":"000000","userStatus":1} 
 </msg>
<msg timestamp="20231105 23:24:36.999" level="INFO">${response} = &lt;Response [200]&gt;</msg>
<status status="PASS" starttime="20231105 23:24:36.413" endtime="20231105 23:24:36.999"/>
</kw>
<msg timestamp="20231105 23:24:36.999" level="INFO">${response} = &lt;Response [200]&gt;</msg>
<status status="PASS" starttime="20231105 23:24:36.413" endtime="20231105 23:24:36.999"/>
</kw>
<kw name="Set Variable" library="BuiltIn">
<var>${response_body}</var>
<arg>${response.json()}</arg>
<doc>Returns the given values which can then be assigned to a variables.</doc>
<msg timestamp="20231105 23:24:37.001" level="INFO">${response_body} = {'id': 7, 'username': 'jamesbond', 'firstName': 'james', 'lastName': 'bond', 'email': 'james@test.com', 'password': 'XXXXXXXXXXX', 'phone': '000000', 'userStatus': 1}</msg>
<status status="PASS" starttime="20231105 23:24:37.000" endtime="20231105 23:24:37.001"/>
</kw>
<kw name="Dictionary Should Contain Key" library="Collections">
<arg>${response_body}</arg>
<arg>id</arg>
<doc>Fails if ``key`` is not found from ``dictionary``.</doc>
<status status="PASS" starttime="20231105 23:24:37.001" endtime="20231105 23:24:37.001"/>
</kw>
<kw name="Dictionary Should Contain Key" library="Collections">
<arg>${response_body}</arg>
<arg>username</arg>
<doc>Fails if ``key`` is not found from ``dictionary``.</doc>
<status status="PASS" starttime="20231105 23:24:37.002" endtime="20231105 23:24:37.002"/>
</kw>
<kw name="Dictionary Should Contain Key" library="Collections">
<arg>${response_body}</arg>
<arg>firstName</arg>
<doc>Fails if ``key`` is not found from ``dictionary``.</doc>
<status status="PASS" starttime="20231105 23:24:37.002" endtime="20231105 23:24:37.002"/>
</kw>
<kw name="Dictionary Should Contain Key" library="Collections">
<arg>${response_body}</arg>
<arg>lastName</arg>
<doc>Fails if ``key`` is not found from ``dictionary``.</doc>
<status status="PASS" starttime="20231105 23:24:37.002" endtime="20231105 23:24:37.002"/>
</kw>
<kw name="Dictionary Should Contain Key" library="Collections">
<arg>${response_body}</arg>
<arg>email</arg>
<doc>Fails if ``key`` is not found from ``dictionary``.</doc>
<status status="PASS" starttime="20231105 23:24:37.002" endtime="20231105 23:24:37.003"/>
</kw>
<kw name="Dictionary Should Contain Key" library="Collections">
<arg>${response_body}</arg>
<arg>password</arg>
<doc>Fails if ``key`` is not found from ``dictionary``.</doc>
<status status="PASS" starttime="20231105 23:24:37.003" endtime="20231105 23:24:37.003"/>
</kw>
<kw name="Dictionary Should Contain Key" library="Collections">
<arg>${response_body}</arg>
<arg>phone</arg>
<doc>Fails if ``key`` is not found from ``dictionary``.</doc>
<status status="PASS" starttime="20231105 23:24:37.003" endtime="20231105 23:24:37.003"/>
</kw>
<kw name="Should Be Equal" library="BuiltIn">
<arg>${response_body['username']}</arg>
<arg>${Pet_store_user_name}</arg>
<doc>Fails if the given objects are unequal.</doc>
<status status="PASS" starttime="20231105 23:24:37.003" endtime="20231105 23:24:37.004"/>
</kw>
<kw name="Should Be Equal" library="BuiltIn">
<arg>${response_body['email']}</arg>
<arg>${Pet_store_user_email}</arg>
<doc>Fails if the given objects are unequal.</doc>
<status status="PASS" starttime="20231105 23:24:37.004" endtime="20231105 23:24:37.006"/>
</kw>
<kw name="Should Be Equal" library="BuiltIn">
<arg>'${response.status_code}'</arg>
<arg>'200'</arg>
<doc>Fails if the given objects are unequal.</doc>
<status status="PASS" starttime="20231105 23:24:37.006" endtime="20231105 23:24:37.007"/>
</kw>
<doc>Retrieve user details</doc>
<tag>API</tag>
<tag>debug</tag>
<status status="PASS" starttime="20231105 23:24:36.412" endtime="20231105 23:24:37.007"/>
</test>
<test id="s1-s1-s1-t3" name="Update User" line="49">
<kw name="Create Dictionary" library="BuiltIn">
<var>${User_data}</var>
<arg>id=${Pet_store_user_id}</arg>
<arg>username=${Pet_store_user_name}</arg>
<arg>firstName=${Pet_store_user_firstname}</arg>
<arg>lastName=${Pet_store_user_lastname}</arg>
<arg>email=${Pet_store_user_email}</arg>
<arg>password=${Pet_store_user_password}</arg>
<arg>phone=${Pet_store_user_phone}</arg>
<arg>userStatus=${Pet_store_user_userstatus}</arg>
<doc>Creates and returns a dictionary based on the given ``items``.</doc>
<msg timestamp="20231105 23:24:37.011" level="INFO">${User_data} = {'id': '007', 'username': 'jamesbond', 'firstName': 'james', 'lastName': 'bond', 'email': 'james@test.com', 'password': '000000', 'phone': '000000', 'userStatus': '1'}</msg>
<status status="PASS" starttime="20231105 23:24:37.008" endtime="20231105 23:24:37.011"/>
</kw>
<kw name="Update User" library="Users_EndPoint_res">
<var>${response}</var>
<arg>${Pet_store_user_name}</arg>
<arg>${User_data}</arg>
<kw name="PUT" library="RequestsLibrary">
<var>${response}</var>
<arg>${BASE_URL}/user/${username}</arg>
<arg>data=${user_data}</arg>
<doc>Sends a PUT request.</doc>
<msg timestamp="20231105 23:24:37.606" level="INFO">PUT Request : url=https://petstore3.swagger.io/api/v3/user/jamesbond 
 path_url=/api/v3/user/jamesbond 
 headers={'User-Agent': 'python-requests/2.31.0', 'Accept-Encoding': 'gzip, deflate', 'Accept': '*/*', 'Connection': 'keep-alive', 'Content-Length': '120', 'Content-Type': 'application/x-www-form-urlencoded'} 
 body=id=007&amp;username=jamesbond&amp;firstName=james&amp;lastName=bond&amp;email=james%40test.com&amp;password=000000&amp;phone=000000&amp;userStatus=1 
 </msg>
<msg timestamp="20231105 23:24:37.606" level="INFO">PUT Response : url=https://petstore3.swagger.io/api/v3/user/jamesbond 
 status=500, reason=Internal Server Error 
 headers={'Date': 'Sun, 05 Nov 2023 21:24:37 GMT', 'Content-Type': 'application/json', 'Content-Length': '110', 'Connection': 'keep-alive', 'Access-Control-Allow-Origin': '*', 'Access-Control-Allow-Methods': 'GET, POST, DELETE, PUT', 'Access-Control-Allow-Headers': 'Content-Type, api_key, Authorization', 'Access-Control-Expose-Headers': 'Content-Disposition', 'Server': 'Jetty(9.4.9.v20180320)'} 
 body={"code":500,"message":"There was an error processing your request. It has been logged (ID: 3bff4eb2fdcf739b)"} 
 </msg>
<msg timestamp="20231105 23:24:37.608" level="FAIL">HTTPError: 500 Server Error: Internal Server Error for url: https://petstore3.swagger.io/api/v3/user/jamesbond</msg>
<status status="FAIL" starttime="20231105 23:24:37.012" endtime="20231105 23:24:37.613"/>
</kw>
<status status="FAIL" starttime="20231105 23:24:37.012" endtime="20231105 23:24:37.613"/>
</kw>
<kw name="Set Variable" library="BuiltIn">
<var>${response_body}</var>
<arg>${response.json()}</arg>
<doc>Returns the given values which can then be assigned to a variables.</doc>
<status status="NOT RUN" starttime="20231105 23:24:37.613" endtime="20231105 23:24:37.613"/>
</kw>
<kw name="Dictionary Should Contain Key" library="Collections">
<arg>${response_body}</arg>
<arg>id</arg>
<doc>Fails if ``key`` is not found from ``dictionary``.</doc>
<status status="NOT RUN" starttime="20231105 23:24:37.613" endtime="20231105 23:24:37.613"/>
</kw>
<kw name="Dictionary Should Contain Key" library="Collections">
<arg>${response_body}</arg>
<arg>username</arg>
<doc>Fails if ``key`` is not found from ``dictionary``.</doc>
<status status="NOT RUN" starttime="20231105 23:24:37.613" endtime="20231105 23:24:37.613"/>
</kw>
<kw name="Dictionary Should Contain Key" library="Collections">
<arg>${response_body}</arg>
<arg>firstName</arg>
<doc>Fails if ``key`` is not found from ``dictionary``.</doc>
<status status="NOT RUN" starttime="20231105 23:24:37.613" endtime="20231105 23:24:37.614"/>
</kw>
<kw name="Dictionary Should Contain Key" library="Collections">
<arg>${response_body}</arg>
<arg>lastName</arg>
<doc>Fails if ``key`` is not found from ``dictionary``.</doc>
<status status="NOT RUN" starttime="20231105 23:24:37.614" endtime="20231105 23:24:37.614"/>
</kw>
<kw name="Dictionary Should Contain Key" library="Collections">
<arg>${response_body}</arg>
<arg>email</arg>
<doc>Fails if ``key`` is not found from ``dictionary``.</doc>
<status status="NOT RUN" starttime="20231105 23:24:37.614" endtime="20231105 23:24:37.614"/>
</kw>
<kw name="Dictionary Should Contain Key" library="Collections">
<arg>${response_body}</arg>
<arg>password</arg>
<doc>Fails if ``key`` is not found from ``dictionary``.</doc>
<status status="NOT RUN" starttime="20231105 23:24:37.614" endtime="20231105 23:24:37.614"/>
</kw>
<kw name="Dictionary Should Contain Key" library="Collections">
<arg>${response_body}</arg>
<arg>phone</arg>
<doc>Fails if ``key`` is not found from ``dictionary``.</doc>
<status status="NOT RUN" starttime="20231105 23:24:37.614" endtime="20231105 23:24:37.614"/>
</kw>
<kw name="Should Be Equal" library="BuiltIn">
<arg>${response_body['username']}</arg>
<arg>${Pet_store_user_name_update}</arg>
<doc>Fails if the given objects are unequal.</doc>
<status status="NOT RUN" starttime="20231105 23:24:37.614" endtime="20231105 23:24:37.614"/>
</kw>
<kw name="Should Be Equal" library="BuiltIn">
<arg>${response_body['email']}</arg>
<arg>${Pet_store_user_email}</arg>
<doc>Fails if the given objects are unequal.</doc>
<status status="NOT RUN" starttime="20231105 23:24:37.614" endtime="20231105 23:24:37.614"/>
</kw>
<kw name="Should Be Equal" library="BuiltIn">
<arg>'${response.status_code}'</arg>
<arg>'200'</arg>
<doc>Fails if the given objects are unequal.</doc>
<status status="NOT RUN" starttime="20231105 23:24:37.614" endtime="20231105 23:24:37.614"/>
</kw>
<doc>Update user details</doc>
<tag>API</tag>
<tag>debug</tag>
<status status="FAIL" starttime="20231105 23:24:37.007" endtime="20231105 23:24:37.615">HTTPError: 500 Server Error: Internal Server Error for url: https://petstore3.swagger.io/api/v3/user/jamesbond</status>
</test>
<test id="s1-s1-s1-t4" name="Delete User" line="75">
<kw name="Delete User" library="Users_EndPoint_res">
<var>${response}</var>
<arg>${Pet_store_user_name}</arg>
<kw name="DELETE" library="RequestsLibrary">
<var>${response}</var>
<arg>${BASE_URL}/user/${username}</arg>
<doc>Sends a DELETE request.</doc>
<msg timestamp="20231105 23:24:38.223" level="INFO">DELETE Request : url=https://petstore3.swagger.io/api/v3/user/jamesbond 
 path_url=/api/v3/user/jamesbond 
 headers={'User-Agent': 'python-requests/2.31.0', 'Accept-Encoding': 'gzip, deflate', 'Accept': '*/*', 'Connection': 'keep-alive', 'Content-Length': '0'} 
 body=None 
 </msg>
<msg timestamp="20231105 23:24:38.224" level="INFO">DELETE Response : url=https://petstore3.swagger.io/api/v3/user/jamesbond 
 status=200, reason=OK 
 headers={'Date': 'Sun, 05 Nov 2023 21:24:38 GMT', 'Content-Length': '0', 'Connection': 'keep-alive', 'Access-Control-Allow-Origin': '*', 'Access-Control-Allow-Methods': 'GET, POST, DELETE, PUT', 'Access-Control-Allow-Headers': 'Content-Type, api_key, Authorization', 'Access-Control-Expose-Headers': 'Content-Disposition', 'Server': 'Jetty(9.4.9.v20180320)'} 
 body=None 
 </msg>
<msg timestamp="20231105 23:24:38.224" level="INFO">${response} = &lt;Response [200]&gt;</msg>
<status status="PASS" starttime="20231105 23:24:37.616" endtime="20231105 23:24:38.224"/>
</kw>
<msg timestamp="20231105 23:24:38.224" level="INFO">${response} = &lt;Response [200]&gt;</msg>
<status status="PASS" starttime="20231105 23:24:37.616" endtime="20231105 23:24:38.224"/>
</kw>
<kw name="Should Be Equal" library="BuiltIn">
<arg>'${response.status_code}'</arg>
<arg>'200'</arg>
<doc>Fails if the given objects are unequal.</doc>
<status status="PASS" starttime="20231105 23:24:38.225" endtime="20231105 23:24:38.226"/>
</kw>
<doc>Delete a user</doc>
<tag>API</tag>
<tag>debug</tag>
<status status="PASS" starttime="20231105 23:24:37.615" endtime="20231105 23:24:38.227"/>
</test>
<status status="FAIL" starttime="20231105 23:24:35.608" endtime="20231105 23:24:38.228"/>
</suite>
<status status="FAIL" starttime="20231105 23:24:35.607" endtime="20231105 23:24:38.229"/>
</suite>
<status status="FAIL" starttime="20231105 23:24:35.600" endtime="20231105 23:24:38.230"/>
</suite>
<statistics>
<total>
<stat pass="3" fail="1" skip="0">All Tests</stat>
</total>
<tag>
<stat pass="3" fail="1" skip="0">API</stat>
<stat pass="3" fail="1" skip="0">debug</stat>
</tag>
<suite>
<stat pass="3" fail="1" skip="0" id="s1" name="TestCases">TestCases</stat>
<stat pass="3" fail="1" skip="0" id="s1-s1" name="API Tests">TestCases.API Tests</stat>
<stat pass="3" fail="1" skip="0" id="s1-s1-s1" name="Users">TestCases.API Tests.Users</stat>
</suite>
</statistics>
<errors>
</errors>
</robot>
